<?xml version="1.0" encoding="UTF-8"?>
<!-- Generated by org.testng.reporters.JUnitReportReporter -->
<testsuite hostname="Eric" failures="0" tests="2" name="com.company.DispositivoRICTest" time="0.033" errors="0" timestamp="2022-06-01T12:57:33 PET" skipped="0">
  <testcase classname="com.company.DispositivoRICTest" name="testMayorDeEdad" time="0.026"/>
  <testcase classname="com.company.DispositivoRICTest" name="setUp" time="0.007"/>
</testsuite> <!-- com.company.DispositivoRICTest -->
